{"/Users/rominat/React projects/etp-react/config/scripts/jest/setup.js": {"path":"/Users/rominat/React projects/etp-react/config/scripts/jest/setup.js","statementMap":{"0":{"start":{"line":5,"column":0},"end":{"line":5,"column":36}}},"fnMap":{},"branchMap":{},"s":{"0":1},"f":{},"b":{},"_coverageSchema":"332fd63041d2c1bcb487cc26dd0d5f7d97098a6c","hash":"dc419888dc665256dec4a0c1ff382ada1e477975"}
,"/Users/rominat/React projects/etp-react/src/App.js": {"path":"/Users/rominat/React projects/etp-react/src/App.js","statementMap":{"0":{"start":{"line":6,"column":8},"end":{"line":8,"column":10}}},"fnMap":{"0":{"name":"(anonymous_0)","decl":{"start":{"line":5,"column":4},"end":{"line":5,"column":5}},"loc":{"start":{"line":5,"column":13},"end":{"line":9,"column":5}},"line":5}},"branchMap":{},"s":{"0":1},"f":{"0":1},"b":{},"_coverageSchema":"332fd63041d2c1bcb487cc26dd0d5f7d97098a6c","hash":"9345ca5aaefba62e8997406eea13831d2b33b792"}
,"/Users/rominat/React projects/etp-react/src/components/ListEventBox.js": {"path":"/Users/rominat/React projects/etp-react/src/components/ListEventBox.js","statementMap":{"0":{"start":{"line":36,"column":8},"end":{"line":36,"column":67}},"1":{"start":{"line":40,"column":8},"end":{"line":44,"column":9}},"2":{"start":{"line":50,"column":12},"end":{"line":50,"column":22}},"3":{"start":{"line":52,"column":28},"end":{"line":70,"column":10}},"4":{"start":{"line":53,"column":12},"end":{"line":69,"column":14}},"5":{"start":{"line":72,"column":8},"end":{"line":76,"column":10}}},"fnMap":{"0":{"name":"(anonymous_0)","decl":{"start":{"line":35,"column":4},"end":{"line":35,"column":5}},"loc":{"start":{"line":35,"column":45},"end":{"line":37,"column":5}},"line":35},"1":{"name":"(anonymous_1)","decl":{"start":{"line":39,"column":4},"end":{"line":39,"column":5}},"loc":{"start":{"line":39,"column":39},"end":{"line":45,"column":5}},"line":39},"2":{"name":"(anonymous_2)","decl":{"start":{"line":47,"column":4},"end":{"line":47,"column":5}},"loc":{"start":{"line":47,"column":13},"end":{"line":77,"column":5}},"line":47},"3":{"name":"(anonymous_3)","decl":{"start":{"line":52,"column":39},"end":{"line":52,"column":40}},"loc":{"start":{"line":53,"column":12},"end":{"line":69,"column":14}},"line":53}},"branchMap":{"0":{"loc":{"start":{"line":41,"column":27},"end":{"line":41,"column":83}},"type":"cond-expr","locations":[{"start":{"line":41,"column":50},"end":{"line":41,"column":76}},{"start":{"line":41,"column":79},"end":{"line":41,"column":83}}],"line":41},"1":{"loc":{"start":{"line":43,"column":22},"end":{"line":43,"column":82}},"type":"cond-expr","locations":[{"start":{"line":43,"column":45},"end":{"line":43,"column":74}},{"start":{"line":43,"column":77},"end":{"line":43,"column":82}}],"line":43}},"s":{"0":10,"1":10,"2":1,"3":1,"4":10,"5":1},"f":{"0":10,"1":10,"2":1,"3":10},"b":{"0":[8,2],"1":[8,2]},"_coverageSchema":"332fd63041d2c1bcb487cc26dd0d5f7d97098a6c","hash":"e6c9e67aab8450487ebd402b5b2f8c34f34216ba"}
,"/Users/rominat/React projects/etp-react/src/containers/ConnectedListEventBox.js": {"path":"/Users/rominat/React projects/etp-react/src/containers/ConnectedListEventBox.js","statementMap":{"0":{"start":{"line":4,"column":11},"end":{"line":4,"column":41}},"1":{"start":{"line":8,"column":23},"end":{"line":8,"column":39}},"2":{"start":{"line":9,"column":8},"end":{"line":11,"column":10}}},"fnMap":{"0":{"name":"(anonymous_0)","decl":{"start":{"line":7,"column":4},"end":{"line":7,"column":5}},"loc":{"start":{"line":7,"column":13},"end":{"line":12,"column":5}},"line":7}},"branchMap":{},"s":{"0":1,"1":1,"2":1},"f":{"0":1},"b":{},"_coverageSchema":"332fd63041d2c1bcb487cc26dd0d5f7d97098a6c","hash":"0a0d3b181628abcb91cb31e7a160d2ba763e8969"}
,"/Users/rominat/React projects/etp-react/src/data/eventsData.js": {"path":"/Users/rominat/React projects/etp-react/src/data/eventsData.js","statementMap":{"0":{"start":{"line":1,"column":20},"end":{"line":1766,"column":3}}},"fnMap":{},"branchMap":{},"s":{"0":1},"f":{},"b":{},"_coverageSchema":"332fd63041d2c1bcb487cc26dd0d5f7d97098a6c","hash":"266d331c54ad542ff01e14819c0f7f74102461ba"}
}
