TN:
SF:/Users/rominat/React projects/etp-react/config/scripts/jest/setup.js
FNF:0
FNH:0
DA:5,1
LF:1
LH:1
BRF:0
BRH:0
end_of_record
TN:
SF:/Users/rominat/React projects/etp-react/src/App.js
FN:5,(anonymous_0)
FNF:1
FNH:1
FNDA:1,(anonymous_0)
DA:6,1
LF:1
LH:1
BRF:0
BRH:0
end_of_record
TN:
SF:/Users/rominat/React projects/etp-react/src/components/ListEventBox.js
FN:35,(anonymous_0)
FN:39,(anonymous_1)
FN:47,(anonymous_2)
FN:52,(anonymous_3)
FNF:4
FNH:4
FNDA:10,(anonymous_0)
FNDA:10,(anonymous_1)
FNDA:1,(anonymous_2)
FNDA:10,(anonymous_3)
DA:36,10
DA:40,10
DA:50,1
DA:52,1
DA:53,10
DA:72,1
LF:6
LH:6
BRDA:41,0,0,8
BRDA:41,0,1,2
BRDA:43,1,0,8
BRDA:43,1,1,2
BRF:4
BRH:4
end_of_record
TN:
SF:/Users/rominat/React projects/etp-react/src/containers/ConnectedListEventBox.js
FN:7,(anonymous_0)
FNF:1
FNH:1
FNDA:1,(anonymous_0)
DA:4,1
DA:8,1
DA:9,1
LF:3
LH:3
BRF:0
BRH:0
end_of_record
TN:
SF:/Users/rominat/React projects/etp-react/src/data/eventsData.js
FNF:0
FNH:0
DA:1,1
LF:1
LH:1
BRF:0
BRH:0
end_of_record
